1: O 1: started
2: O 2: started
3: O 3: started
4: H 2: started
5: H 1: started
6: H 4: started
7: H 5: started
8: H 3: started
9: O 1: going to queue
10: H 1: going to queue
11: H 5: going to queue
13: H 1: creating molecule 1
12: O 1: creating molecule 1
14: H 5: creating molecule 1
15: O 3: going to queue
16: O 2: going to queue
17: O 1: molecule 1 created
18: H 1: molecule 1 created
19: H 5: molecule 1 created
20: H 3: going to queue
21: H 4: going to queue
22: H 3: creating molecule 2
23: H 4: creating molecule 2
24: O 3: creating molecule 2
25: H 2: going to queue
26: O 3: molecule 2 created
27: H 4: molecule 2 created
28: H 3: molecule 2 created
29: H 2: not enough O or H
30: O 2: not enough H
